This is pdfeTeX, Version 3.141592-1.21a-2.2 (Web2C 7.5.4) (format=latex 2005.11.15)  19 OCT 2007 16:00
entering extended mode
**main
(./main.tex
LaTeX2e <2003/12/01>
Babel <v3.8d> and hyphenation patterns for american, french, german, ngerman, b
ahasa, basque, bulgarian, catalan, croatian, czech, danish, dutch, esperanto, e
stonian, finnish, greek, icelandic, irish, italian, latin, magyar, norsk, polis
h, portuges, romanian, russian, serbian, slovak, slovene, spanish, swedish, tur
kish, ukrainian, nohyphenation, loaded.
(/usr/share/texmf/tex/latex/base/article.cls
Document Class: article 2004/02/16 v1.4f Standard LaTeX document class
(/usr/share/texmf/tex/latex/base/size10.clo
File: size10.clo 2004/02/16 v1.4f Standard LaTeX file (size option)
)
\c@part=\count79
\c@section=\count80
\c@subsection=\count81
\c@subsubsection=\count82
\c@paragraph=\count83
\c@subparagraph=\count84
\c@figure=\count85
\c@table=\count86
\abovecaptionskip=\skip41
\belowcaptionskip=\skip42
\bibindent=\dimen102
) (./latex8.sty
IEEE 8.5 x 11-Inch Proceedings Style `latex8.sty'.
\@ctmp=\skip43
\@figindent=\skip44
) (/usr/share/texmf/tex/latex/psnfss/times.sty
Package: times 2004/09/15 PSNFSS-v9.2 (SPQR) 
)
(/usr/share/texmf/tex/latex/eepic/epic.sty
Enhancements to Picture Environment. Version 1.2 - Released June 1, 1986
\@@multicnt=\count87
\d@lta=\count88
\@delta=\dimen103
\@@delta=\dimen104
\@gridcnt=\count89
\@joinkind=\count90
\@dotgap=\dimen105
\@ddotgap=\dimen106
\@x@diff=\count91
\@y@diff=\count92
\x@diff=\dimen107
\y@diff=\dimen108
\@dotbox=\box26
\num@segments=\count93
\num@segmentsi=\count94
\@datafile=\read1
) (/usr/share/texmf/tex/latex/graphics/color.sty
Package: color 1999/02/16 v1.0i Standard LaTeX Color (DPC)

(/usr/share/texmf/tex/latex/graphics/color.cfg
File: color.cfg 2005/02/03 v1.3 color configuration of teTeX/TeXLive
)
Package color Info: Driver file: dvips.def on input line 125.

(/usr/share/texmf/tex/latex/graphics/dvips.def
File: dvips.def 1999/02/16 v3.0i Driver-dependant file (DPC,SPQR)
)
(/usr/share/texmf/tex/latex/graphics/dvipsnam.def
File: dvipsnam.def 1999/02/16 v3.0i Driver-dependant file (DPC,SPQR)
)) (./verbdef.sty
Package: verbdef 2000/10/06 v0.2 define verbatim csnames
)
(/usr/share/texmf/tex/latex/base/alltt.sty
Package: alltt 1997/06/16 v2.0g defines alltt environment
)

LaTeX Warning: Unused global option(s):
    [times].

(./main.aux)
\openout1 = `main.aux'.

LaTeX Font Info:    Checking defaults for OML/cmm/m/it on input line 23.
LaTeX Font Info:    ... okay on input line 23.
LaTeX Font Info:    Checking defaults for T1/cmr/m/n on input line 23.
LaTeX Font Info:    ... okay on input line 23.
LaTeX Font Info:    Checking defaults for OT1/cmr/m/n on input line 23.
LaTeX Font Info:    ... okay on input line 23.
LaTeX Font Info:    Checking defaults for OMS/cmsy/m/n on input line 23.
LaTeX Font Info:    ... okay on input line 23.
LaTeX Font Info:    Checking defaults for OMX/cmex/m/n on input line 23.
LaTeX Font Info:    ... okay on input line 23.
LaTeX Font Info:    Checking defaults for U/cmr/m/n on input line 23.
LaTeX Font Info:    ... okay on input line 23.
LaTeX Font Info:    Try loading font information for OT1+ptm on input line 23.
 (/usr/share/texmf/tex/latex/psnfss/ot1ptm.fd
File: ot1ptm.fd 2001/06/04 font definitions for OT1/ptm.
)
LaTeX Font Info:    Font shape `OT1/ptm/bx/n' in size <14.4> not available
(Font)              Font shape `OT1/ptm/b/n' tried instead on input line 36.
LaTeX Font Info:    External font `cmex10' loaded for size
(Font)              <12> on input line 36.
LaTeX Font Info:    External font `cmex10' loaded for size
(Font)              <8> on input line 36.
LaTeX Font Info:    External font `cmex10' loaded for size
(Font)              <6> on input line 36.
LaTeX Font Info:    Try loading font information for OMS+ptm on input line 36.

(/usr/share/texmf/tex/latex/psnfss/omsptm.fd
File: omsptm.fd 
)
LaTeX Font Info:    Font shape `OMS/ptm/m/n' in size <12> not available
(Font)              Font shape `OMS/cmsy/m/n' tried instead on input line 36.
 (./abstract.tex
LaTeX Font Info:    Font shape `OT1/ptm/bx/n' in size <12> not available
(Font)              Font shape `OT1/ptm/b/n' tried instead on input line 6.
LaTeX Font Info:    Font shape `OT1/ptm/bx/n' in size <10> not available
(Font)              Font shape `OT1/ptm/b/n' tried instead on input line 30.
) [1


] (./intro.tex
Underfull \hbox (badness 6675) in paragraph at lines 26--29
[]\OT1/ptm/m/n/10 We will fo-cus on par-al-leliza-tion by in-tro-duc-ing
 []

LaTeX Font Info:    Try loading font information for OT1+pcr on input line 29.
(/usr/share/texmf/tex/latex/psnfss/ot1pcr.fd
File: ot1pcr.fd 2001/06/04 font definitions for OT1/pcr.
)) (./using.tex (./ex7.depgraph.tex
LaTeX Font Info:    External font `cmex10' loaded for size
(Font)              <9> on input line 22.
LaTeX Font Info:    External font `cmex10' loaded for size
(Font)              <5> on input line 22.

Overfull \hbox (2.86406pt too wide) detected at line 136
[]
 []

) [1

] [2] (./ex6.depgraph.tex
Overfull \hbox (182.86406pt too wide) detected at line 196
[]
 []

)) (./algorithm.tex [3]
LaTeX Font Info:    External font `cmex10' loaded for size
(Font)              <7> on input line 69.

Overfull \hbox (16.66377pt too wide) in paragraph at lines 102--102
[]           \OT1/pcr/m/n/9 currLine = ncaNode.nextOnStack.line;[] 
 []

[4]
LaTeX Font Info:    Font shape `OMS/ptm/m/n' in size <10> not available
(Font)              Font shape `OMS/cmsy/m/n' tried instead on input line 272.

Underfull \hbox (badness 1122) in paragraph at lines 272--276
[]\OT1/ptm/m/n/10 a pointer to a record con-tain-ing in-for-ma-tion
 []

) (./impover.tex [5]) (./discussion.tex) (./related.tex

LaTeX Warning: Citation `CGSE93' on page 6 undefined on input line 12.


LaTeX Warning: Citation `GSC95' on page 6 undefined on input line 12.

[6]
Underfull \hbox (badness 3803) in paragraph at lines 36--40
[]\OT1/ptm/m/n/10 Thread-level spec-u-la-tion [[]] and data-dependency
 []

) (./future.tex) (./main.bbl
Underfull \hbox (badness 10000) in paragraph at lines 10--13
\OT1/ptm/m/n/10 Sharp.  Com-piler trans-for-ma-tions for high-
 []


Underfull \hbox (badness 3701) in paragraph at lines 10--13
\OT1/ptm/m/n/10 performance com-put-ing.  \OT1/ptm/m/it/10 ACM Com-put. Surv.\O
T1/ptm/m/n/10 ,
 []


Underfull \hbox (badness 1635) in paragraph at lines 48--52
[]\OT1/ptm/m/n/10 D.K. Lowen-thal and V.W. Freeh.  Architecture-
 []


Underfull \hbox (badness 10000) in paragraph at lines 48--52
\OT1/ptm/m/n/10 independent par-al-lelism for both shared- and
 []


Underfull \hbox (badness 1596) in paragraph at lines 48--52
\OT1/ptm/m/n/10 distributed-memory ma-chines us-ing the Fil-a-ments
 []

[7]) [8

] (./main.aux)

LaTeX Warning: There were undefined references.

 ) 
Here is how much of TeX's memory you used:
 943 strings out of 94501
 11236 string characters out of 1176788
 87138 words of memory out of 1000000
 4108 multiletter control sequences out of 10000+50000
 13245 words of font info for 39 fonts, out of 500000 for 2000
 580 hyphenation exceptions out of 1000
 23i,13n,23p,208b,319s stack positions out of 1500i,500n,5000p,200000b,5000s

Output written on main.dvi (9 pages, 91564 bytes).
