This is pdfeTeX, Version 3.141592-1.21a-2.2 (Web2C 7.5.4) (format=pdflatex 2007.11.20)  20 NOV 2007 15:02
entering extended mode
**short.tex
(./short.tex
LaTeX2e <2003/12/01>
Babel <v3.8d> and hyphenation patterns for american, french, german, ngerman, b
ahasa, basque, bulgarian, catalan, croatian, czech, danish, dutch, esperanto, e
stonian, finnish, greek, icelandic, irish, italian, latin, magyar, norsk, polis
h, portuges, romanian, russian, serbian, slovak, slovene, spanish, swedish, tur
kish, ukrainian, nohyphenation, loaded.
(/usr/share/texmf-tetex/tex/latex/base/article.cls
Document Class: article 2004/02/16 v1.4f Standard LaTeX document class
(/usr/share/texmf-tetex/tex/latex/base/size10.clo
File: size10.clo 2004/02/16 v1.4f Standard LaTeX file (size option)
)
\c@part=\count79
\c@section=\count80
\c@subsection=\count81
\c@subsubsection=\count82
\c@paragraph=\count83
\c@subparagraph=\count84
\c@figure=\count85
\c@table=\count86
\abovecaptionskip=\skip41
\belowcaptionskip=\skip42
\bibindent=\dimen102
) (./latex8.sty
IEEE 8.5 x 11-Inch Proceedings Style `latex8.sty'.
\@ctmp=\skip43
\@figindent=\skip44
) (/usr/share/texmf-tetex/tex/latex/psnfss/times.sty
Package: times 2004/09/15 PSNFSS-v9.2 (SPQR) 
)
(/usr/share/texmf-tetex/tex/latex/eepic/epic.sty
Enhancements to Picture Environment. Version 1.2 - Released June 1, 1986
\@@multicnt=\count87
\d@lta=\count88
\@delta=\dimen103
\@@delta=\dimen104
\@gridcnt=\count89
\@joinkind=\count90
\@dotgap=\dimen105
\@ddotgap=\dimen106
\@x@diff=\count91
\@y@diff=\count92
\x@diff=\dimen107
\y@diff=\dimen108
\@dotbox=\box26
\num@segments=\count93
\num@segmentsi=\count94
\@datafile=\read1
) (/usr/share/texmf-tetex/tex/latex/graphics/color.sty
Package: color 1999/02/16 v1.0i Standard LaTeX Color (DPC)

(/usr/share/texmf-tetex/tex/latex/graphics/color.cfg
File: color.cfg 2005/02/03 v1.3 color configuration of teTeX/TeXLive
)
Package color Info: Driver file: pdftex.def on input line 125.

(/usr/share/texmf-tetex/tex/latex/graphics/pdftex.def
File: pdftex.def 2002/06/19 v0.03k graphics/color for pdftex
\Gread@gobject=\count95
)) (./verbdef.sty
Package: verbdef 2000/10/06 v0.2 define verbatim csnames
)
(/usr/share/texmf-tetex/tex/latex/base/alltt.sty
Package: alltt 1997/06/16 v2.0g defines alltt environment
)
(/usr/share/texmf-tetex/tex/latex/base/latexsym.sty
Package: latexsym 1998/08/17 v2.2e Standard LaTeX package (lasy symbols)
\symlasy=\mathgroup4
LaTeX Font Info:    Overwriting symbol font `lasy' in version `bold'
(Font)                  U/lasy/m/n --> U/lasy/b/n on input line 47.
)

LaTeX Warning: Unused global option(s):
    [times].

(./short.aux)
\openout1 = `short.aux'.

LaTeX Font Info:    Checking defaults for OML/cmm/m/it on input line 22.
LaTeX Font Info:    ... okay on input line 22.
LaTeX Font Info:    Checking defaults for T1/cmr/m/n on input line 22.
LaTeX Font Info:    ... okay on input line 22.
LaTeX Font Info:    Checking defaults for OT1/cmr/m/n on input line 22.
LaTeX Font Info:    ... okay on input line 22.
LaTeX Font Info:    Checking defaults for OMS/cmsy/m/n on input line 22.
LaTeX Font Info:    ... okay on input line 22.
LaTeX Font Info:    Checking defaults for OMX/cmex/m/n on input line 22.
LaTeX Font Info:    ... okay on input line 22.
LaTeX Font Info:    Checking defaults for U/cmr/m/n on input line 22.
LaTeX Font Info:    ... okay on input line 22.
LaTeX Font Info:    Try loading font information for OT1+ptm on input line 22.
 (/usr/share/texmf-tetex/tex/latex/psnfss/ot1ptm.fd
File: ot1ptm.fd 2001/06/04 font definitions for OT1/ptm.
)
(/usr/share/texmf-tetex/tex/context/base/supp-pdf.tex
(/usr/share/texmf-tetex/tex/context/base/supp-mis.tex
loading : Context Support Macros / Miscellaneous (2004.10.26)
\protectiondepth=\count96
\scratchcounter=\count97
\scratchtoks=\toks14
\scratchdimen=\dimen109
\scratchskip=\skip45
\scratchmuskip=\muskip10
\scratchbox=\box27
\scratchread=\read2
\scratchwrite=\write3
\zeropoint=\dimen110
\onepoint=\dimen111
\onebasepoint=\dimen112
\minusone=\count98
\thousandpoint=\dimen113
\onerealpoint=\dimen114
\emptytoks=\toks15
\nextbox=\box28
\nextdepth=\dimen115
\everyline=\toks16
\!!counta=\count99
\!!countb=\count100
\recursecounter=\count101
)
loading : Context Support Macros / PDF (2004.03.26)
\nofMPsegments=\count102
\nofMParguments=\count103
\MPscratchCnt=\count104
\MPscratchDim=\dimen116
\MPnumerator=\count105
\everyMPtoPDFconversion=\toks17
)
LaTeX Font Info:    Font shape `OT1/ptm/bx/n' in size <14.4> not available
(Font)              Font shape `OT1/ptm/b/n' tried instead on input line 32.
LaTeX Font Info:    External font `cmex10' loaded for size
(Font)              <12> on input line 32.
LaTeX Font Info:    External font `cmex10' loaded for size
(Font)              <8> on input line 32.
LaTeX Font Info:    External font `cmex10' loaded for size
(Font)              <6> on input line 32.
LaTeX Font Info:    Try loading font information for U+lasy on input line 32.
 (/usr/share/texmf-tetex/tex/latex/base/ulasy.fd
File: ulasy.fd 1998/08/17 v2.2e LaTeX symbol font definitions
)
LaTeX Font Info:    External font `cmex10' loaded for size
(Font)              <5> on input line 32.
LaTeX Font Info:    Try loading font information for OMS+ptm on input line 32.

(/usr/share/texmf-tetex/tex/latex/psnfss/omsptm.fd
File: omsptm.fd 
)
LaTeX Font Info:    Font shape `OMS/ptm/m/n' in size <12> not available
(Font)              Font shape `OMS/cmsy/m/n' tried instead on input line 32.
LaTeX Font Info:    Font shape `OT1/ptm/bx/n' in size <12> not available
(Font)              Font shape `OT1/ptm/b/n' tried instead on input line 34.
LaTeX Font Info:    External font `cmex10' loaded for size
(Font)              <9> on input line 84.
LaTeX Font Info:    Try loading font information for OT1+pcr on input line 86.

(/usr/share/texmf-tetex/tex/latex/psnfss/ot1pcr.fd
File: ot1pcr.fd 2001/06/04 font definitions for OT1/pcr.
) [1{/var/lib/texmf/fonts/map/pdftex/updmap/pdftex.map}


]
LaTeX Font Info:    Font shape `OT1/ptm/bx/n' in size <10> not available
(Font)              Font shape `OT1/ptm/b/n' tried instead on input line 159.


LaTeX Warning: Reference `sgcc' on page 2 undefined on input line 159.

(./ex7.depgraph.tex
Overfull \hbox (2.86406pt too wide) detected at line 136
[]
 []

)
Underfull \vbox (badness 2582) has occurred while \output is active []

 [2]
Underfull \hbox (badness 1077) in paragraph at lines 271--274
[]\OT1/ptm/m/n/10 We are in-ter-ested in de-pen-dences be-tween pro-gram
 []

LaTeX Font Info:    External font `cmex10' loaded for size
(Font)              <7> on input line 277.
[3]
Overfull \hbox (11.61357pt too wide) in paragraph at lines 432--442
 [] 
 []


Underfull \hbox (badness 1721) in paragraph at lines 519--524
[]\OT1/ptm/m/n/10 We have stud-ied the SPEC CPU 2006 bench-mark
 []

[4] (./plot1.tex
\plotpoint=\box29
) (./plot2.tex) [5] (./short.bbl
Underfull \hbox (badness 1635) in paragraph at lines 40--44
[]\OT1/ptm/m/n/10 D.K. Lowen-thal and V.W. Freeh.  Architecture-
 []


Underfull \hbox (badness 10000) in paragraph at lines 40--44
\OT1/ptm/m/n/10 independent par-al-lelism for both shared- and
 []


Underfull \hbox (badness 1596) in paragraph at lines 40--44
\OT1/ptm/m/n/10 distributed-memory ma-chines us-ing the Fil-a-ments
 []


Underfull \hbox (badness 10000) in paragraph at lines 64--67
[]\OT1/ptm/m/n/10 MPEG soft-ware sim-u-la-tion group.  Ref-
 []


Underfull \hbox (badness 10000) in paragraph at lines 64--67
\OT1/ptm/m/n/10 er-ence MPEG-2 video codec soft-ware.
 []

[6]) [7

] (./short.aux)

LaTeX Warning: There were undefined references.


LaTeX Warning: Label(s) may have changed. Rerun to get cross-references right.

 ) 
Here is how much of TeX's memory you used:
 1134 strings out of 94500
 13589 string characters out of 1175787
 92078 words of memory out of 1000000
 4291 multiletter control sequences out of 10000+50000
 26601 words of font info for 60 fonts, out of 500000 for 2000
 580 hyphenation exceptions out of 8191
 31i,13n,23p,221b,328s stack positions out of 1500i,500n,5000p,200000b,5000s
PDF statistics:
 77 PDF objects out of 300000
 0 named destinations out of 131072
 1 words of extra memory for PDF output out of 65536
</usr/share/texmf-tetex/fonts/type1/bluesky/latex/lasy10.pfb></usr/share/texm
f-tetex/fonts/type1/bluesky/cm/cmex10.pfb></usr/share/texmf-tetex/fonts/type1/b
luesky/cm/cmr7.pfb></usr/share/texmf-tetex/fonts/type1/bluesky/cm/cmr10.pfb></u
sr/share/texmf-tetex/fonts/type1/bluesky/cm/cmsy7.pfb></usr/share/texmf-tetex/f
onts/type1/bluesky/cm/cmmi7.pfb></usr/share/texmf-tetex/fonts/type1/bluesky/cm/
cmmi10.pfb></usr/share/texmf-tetex/fonts/type1/bluesky/cm/cmbx10.pfb></usr/shar
e/texmf-tetex/fonts/type1/bluesky/latex/line10.pfb></usr/share/texmf-tetex/font
s/type1/bluesky/latex/lcircle1.pfb>{/usr/share/texmf-tetex/fonts/enc/dvips/psnf
ss/8r.enc}</usr/share/texmf-tetex/fonts/type1/urw/helvetic/uhvb8a.pfb></usr/sha
re/texmf-tetex/fonts/type1/urw/courier/ucrr8a.pfb></usr/share/texmf-tetex/fonts
/type1/bluesky/cm/cmsy6.pfb></usr/share/texmf-tetex/fonts/type1/urw/times/utmri
8a.pfb></usr/share/texmf-tetex/fonts/type1/bluesky/cm/cmsy10.pfb></usr/share/te
xmf-tetex/fonts/type1/bluesky/cm/cmsy8.pfb></usr/share/texmf-tetex/fonts/type1/
urw/times/utmr8a.pfb></usr/share/texmf-tetex/fonts/type1/urw/times/utmb8a.pfb>
Output written on short.pdf (7 pages, 159981 bytes).
